[10:23:40] [Render thread/INFO] [JMLogger] JourneyMap log initialized.
[10:23:40] [Render thread/INFO] [JourneymapClient] initialize ENTER
[10:23:40] [Render thread/INFO] [ClientAPI] [ClientAPI] built with JourneyMap API 1.9-SNAPSHOT
[10:23:40] [Render thread/INFO] [PluginHelper] Initializing plugins with Client API: journeymap.client.api.impl.ClientAPI
[10:23:40] [Render thread/INFO] [PluginHelper] Initialized IClientPlugin: net.blay09.mods.waystones.compat.JourneyMapIntegration
[10:23:41] [Render thread/WARN] [PropertiesBase] core (Initialized) Bad configField entry during updateFrom(): optionsManagerViewed=null
[10:23:41] [Render thread/WARN] [PropertiesBase] core (Initialized) Bad configField entry during updateFrom(): splashViewed=null
[10:23:41] [Render thread/INFO] [?] Version: JourneyMap 1.20.1-5.10.3, built with forge 1.20.1-47.2.30
forge: 47.4.0
Environment: os.name, os.arch, java.version, user.country, user.language=null, game language=en_us, locale=en_us
Features: 
	RadarPlayers : singleplayer = true , multiplayer = true
	RadarAnimals : singleplayer = true , multiplayer = true
	RadarMobs : singleplayer = true , multiplayer = true
	RadarVillagers : singleplayer = true , multiplayer = true
	MapTopo : singleplayer = true , multiplayer = true
	MapSurface : singleplayer = true , multiplayer = true
	MapCaves : singleplayer = true , multiplayer = true
	MapBiome : singleplayer = true , multiplayer = true
MiniMapProperties{state=Valid, file=journeymap.minimap.config, configVersion=5.10.3, zoomLevel=0, compassFontScale=1.0, terrainAlpha=100, showEntityNames=true, positionX=0.9, positionY=0.25, effectVertical=false, showPlayerHeading=true, sizePercent=30, playerDisplayScale=1.0, showDayNight=true, showPets=true, preferredMapType=day, showCompass=true, mobDisplay=jm.common.entity_display.dots, systemTimeRealFormat=HH:mm:ss, shape=jm.minimap.shape_circle, showSelf=true, selfDisplayScale=1.0, showGrid=true, reticleOrientation=jm.minimap.orientation.compass, gameTimeRealFormat=HH:mm:ss, effectTranslateX=-126, showWaypoints=true, minimapKeyMovementSpeed=0.001, showAnimals=true, infoSlotAlpha=0.7, effectTranslateY=0, showWaypointLabels=true, moveEffectIcons=true, position=jm.minimap.position_topright, fontScale=1.0, showPlayers=true, waypointIconScale=1.0, frameAlpha=100, effectReversed=false, backgroundAlpha=0.8, enabled=true, showVillagers=true, info2Label=jm.theme.labelsource.gametime, info3Label=jm.theme.labelsource.location, showMobs=true, waypointLabelScale=1.0, showReticle=true, orientation=jm.minimap.orientation.north, info4Label=jm.theme.labelsource.biome, locationFormat=xzyv, playerDisplay=jm.common.entity_display.dots, mobDisplayScale=1.0, showCaves=true, showMobHeading=true, locationFormatVerbose=true, info1Label=jm.theme.labelsource.blank}
MiniMapProperties{state=Valid, file=journeymap.minimap2.config, configVersion=5.10.3, zoomLevel=0, compassFontScale=1.0, terrainAlpha=100, showEntityNames=true, positionX=0.9, positionY=0.25, effectVertical=false, showPlayerHeading=true, sizePercent=30, playerDisplayScale=1.0, showDayNight=true, showPets=true, preferredMapType=day, showCompass=true, mobDisplay=jm.common.entity_display.dots, systemTimeRealFormat=HH:mm:ss, shape=jm.minimap.shape_rectangle, showSelf=true, selfDisplayScale=1.0, showGrid=true, reticleOrientation=jm.minimap.orientation.compass, gameTimeRealFormat=HH:mm:ss, effectTranslateX=0, showWaypoints=true, minimapKeyMovementSpeed=0.001, showAnimals=true, infoSlotAlpha=0.7, effectTranslateY=0, showWaypointLabels=true, moveEffectIcons=true, position=jm.minimap.position_topright, fontScale=1.0, showPlayers=true, waypointIconScale=1.0, frameAlpha=100, effectReversed=false, backgroundAlpha=0.8, enabled=true, showVillagers=true, info2Label=jm.theme.labelsource.gametime, info3Label=jm.theme.labelsource.location, showMobs=true, waypointLabelScale=1.0, showReticle=true, orientation=jm.minimap.orientation.north, info4Label=jm.theme.labelsource.biome, locationFormat=xzyv, playerDisplay=jm.common.entity_display.dots, mobDisplayScale=1.0, showCaves=true, showMobHeading=true, locationFormatVerbose=true, info1Label=jm.theme.labelsource.blank}
FullMapProperties{state=Valid, file=journeymap.fullmap.config, configVersion=5.10.3, zoomLevel=0, showPlayers=true, waypointIconScale=1.0, showEntityNames=true, showPlayerHeading=true, showVillagers=true, showPlayerLoc=true, showKeys=true, playerDisplayScale=1.0, showMobs=true, showPets=true, waypointLabelScale=1.0, preferredMapType=day, mobDisplay=jm.common.entity_display.dots, showSelf=true, locationFormat=xzyv, playerDisplay=jm.common.entity_display.dots, mobDisplayScale=1.0, selfDisplayScale=1.0, showGrid=true, showMouseLoc=true, showWaypoints=true, showCaves=true, showAnimals=true, showMobHeading=true, showWaypointLabels=true, locationFormatVerbose=true, fontScale=1.0}
WaypointProperties{state=Valid, file=journeymap.waypoint.config, configVersion=5.10.3, autoRemoveDeathpointDistance=2, dateFormat=MM-dd-yyyy, autoRemoveDeathpoints=false, fullscreenDoubleClickToCreate=true, managerDimensionFocus=false, minDistance=4, boldLabel=false, textureSmall=true, showDeathpointlabel=true, beaconEnabled=true, createDeathpoints=true, showName=true, disableStrikeThrough=false, maxDistance=0, autoHideLabel=true, autoRemoveTempWaypoints=2, teleportCommand=/tp {name} {x} {y} {z}, showStaticBeam=true, shaderBeacon=false, timeFormat=HH:mm:ss, showDeviationLabel=false, showDistance=true, showRotatingBeam=true, fontScale=2.0, showTexture=true, managerEnabled=true}
WebMapProperties{state=Valid, file=journeymap.webmap.config, configVersion=5.10.3, port=8080, enabled=false}
CoreProperties{state=Valid, file=journeymap.core.config, configVersion=5.10.3, verboseColorPalette=false, maxPlayersData=32, mapSurfaceAboveCaves=true, dataCachingEnabled=true, optionsManagerViewed=null, announceMod=true, colorPassive=#bbbbbb, mapBlendWater=false, renderDistanceSurfaceMax=0, seedId=false, radarVerticalDistance=16, mapBlendGrass=true, recordCacheStats=false, hideSneakingEntities=true, revealShape=jm.minimap.shape_circle, mapBiome=true, alwaysMapSurface=false, colorVillager=#88e188, mapPlants=false, colorPet=#0077ff, radarLateralDistance=64, mapBathymetry=false, mapCrops=true, maxMobsData=32, mapPlantShadows=false, alwaysMapCaves=false, checkUpdates=true, mapBlendFoliage=true, hideSpectators=false, mappingEnabled=true, colorPlayer=#ffffff, tileHighDisplayQuality=true, cacheVillagersData=2200, logLevel=INFO, maxVillagersData=32, mapWaterBiomeColors=false, maxAnimalsData=32, mapTransparency=true, caveBlackAsClear=false, tileRenderType=1, caveIgnoreGlass=true, mapTopography=true, renderDistanceCaveMax=0, mapAntialiasing=true, colorSelf=#0000ff, cachePlayersData=2000, cacheMobsData=3000, cachePlayerData=1000, splashViewed=null, colorHostile=#ff0000, cacheAnimalsData=3100, themeName=OceanMonument, mapCaveLighting=true, renderDelay=2, glErrorChecking=false, autoMapPoll=2000}
[10:23:41] [Render thread/INFO] [JourneymapClient] initialize EXIT, elapsed count 1 avg 844,09ms
[10:23:43] [Render thread/INFO] [JourneymapClient] Journeymap PostInit
[10:23:44] [Render thread/INFO] [ThemeLoader] Preloaded theme textures: 73
[10:23:44] [Render thread/INFO] [JourneymapClient] postInitialize EXIT, elapsed count 1 avg 406,32ms
[10:25:00] [Netty Client IO #1/INFO] [ForgeConfig] Loading JourneyMap Forge Configs
[10:25:24] [Render thread/INFO] [JourneymapClient] World UID is set to: 17d38f2b-cb2b-42fe-8d95-e2493b609988
[10:25:29] [Render thread/WARN] [PropertiesBase] core (Initialized) Bad configField entry during updateFrom(): optionsManagerViewed=null
[10:25:29] [Render thread/WARN] [PropertiesBase] core (Initialized) Bad configField entry during updateFrom(): splashViewed=null
[10:25:29] [Render thread/INFO] [ModBlockDelegate] Custom modded block handling enabled for create
[10:25:29] [Render thread/INFO] [WaypointStore] Loaded 0 waypoints from C:\Users\bm13z\Documents\CurseForge\Instances\FSSMP (Client)\journeymap\data\mp\fluxsyumsmp~online_17d38f2b~cb2b~42fe~8d95~e2493b609988\waypoints
[10:25:29] [Render thread/INFO] [JourneymapClient] Mapping started in C:\Users\bm13z\Documents\CurseForge\Instances\FSSMP (Client)\journeymap\data\mp\fluxsyumsmp~online_17d38f2b~cb2b~42fe~8d95~e2493b609988\overworld. Memory: 5356MB total, 3168MB free 
[10:25:31] [Render thread/INFO] [ChatLog] JourneyMap: Press [J]
[10:25:59] [Render thread/WARN] [JMLogger] Can't get entityTexture for untamedwilds:textures/entity_icon/camel/dromedary_1.png
[10:25:59] [Render thread/WARN] [JMLogger] Can't get entityTexture for untamedwilds:textures/entity_icon/snake/western_rattlesnake.png
[10:25:59] [Render thread/WARN] [JMLogger] Can't get entityTexture for untamedwilds:textures/entity_icon/camel/dromedary_2.png
[10:26:04] [Render thread/WARN] [JMLogger] Can't get entityTexture for alexsmobs:textures/entity_icon/cockroach.png
[10:27:04] [Render thread/WARN] [JMLogger] Can't get entityTexture for alexsmobs:textures/entity_icon/fly.png
[10:27:18] [Render thread/WARN] [JMLogger] Can't get entityTexture for untamedwilds:textures/entity_icon/monitor/desert_1.png
[10:27:48] [Render thread/WARN] [JMLogger] Can't get entityTexture for naturalist:textures/entity_icon/tortoise/brown.png
[10:27:48] [Render thread/WARN] [JMLogger] Can't get entityTexture for naturalist:textures/entity_icon/lizard/brown.png
[10:33:30] [Render thread/WARN] [JMLogger] Can't get entityTexture for alexsmobs:textures/entity_icon/rattlesnake.png
[10:34:38] [Render thread/WARN] [JMLogger] Can't get entityTexture for alexsmobs:textures/entity_icon/jerboa.png
[10:35:06] [Render thread/WARN] [JMLogger] Can't get entityTexture for endermanoverhaul:textures/entity_icon/desert/desert_enderman.png
[10:35:06] [Render thread/WARN] [JMLogger] enemyexpansion:textures/entities/sprinter.png doesn't have /entity/ in path, so can't look for /entity_icon/
[10:35:06] [Render thread/WARN] [JMLogger] born_in_chaos_v1:textures/entities/dreadhound.png doesn't have /entity/ in path, so can't look for /entity_icon/
[10:35:06] [Render thread/WARN] [JMLogger] born_in_chaos_v1:textures/entities/siameseskeletons.png doesn't have /entity/ in path, so can't look for /entity_icon/
[10:35:06] [Render thread/WARN] [JMLogger] enemyexpansion:textures/entities/huntsman.png doesn't have /entity/ in path, so can't look for /entity_icon/
[10:35:50] [Render thread/WARN] [JMLogger] Can't get entityTexture for creeperoverhaul:textures/entity_icon/plains/plains_creeper.png
[10:35:50] [Render thread/WARN] [JMLogger] born_in_chaos_v1:textures/entities/swarmer.png doesn't have /entity/ in path, so can't look for /entity_icon/
[10:36:39] [Render thread/WARN] [JMLogger] enemyexpansion:textures/entities/scorpion.png doesn't have /entity/ in path, so can't look for /entity_icon/
[10:36:46] [Render thread/WARN] [JMLogger] undead_unleashed:textures/entities/wraith.png doesn't have /entity/ in path, so can't look for /entity_icon/
[10:37:51] [Render thread/INFO] [WaypointStore] Loaded 0 waypoints from C:\Users\bm13z\Documents\CurseForge\Instances\FSSMP (Client)\journeymap\data\mp\fluxsyumsmp~online_17d38f2b~cb2b~42fe~8d95~e2493b609988\waypoints
[10:37:52] [Render thread/WARN] [JMLogger] born_in_chaos_v1:textures/entities/babyspider.png doesn't have /entity/ in path, so can't look for /entity_icon/
[10:38:05] [Render thread/WARN] [JMLogger] undead_revamp2:textures/entities/thewolf.png doesn't have /entity/ in path, so can't look for /entity_icon/
[10:38:05] [Render thread/WARN] [JMLogger] enemyexpansion:textures/entities/slugger.png doesn't have /entity/ in path, so can't look for /entity_icon/
[10:39:13] [Render thread/INFO] [ModBlockDelegate] Custom modded block handling enabled for create
[10:39:15] [Render thread/INFO] [WaypointStore] Loaded 0 waypoints from C:\Users\bm13z\Documents\CurseForge\Instances\FSSMP (Client)\journeymap\data\mp\fluxsyumsmp~online_17d38f2b~cb2b~42fe~8d95~e2493b609988\waypoints
[10:48:03] [Render thread/INFO] [JourneymapClient] Mapping halted in C:\Users\bm13z\Documents\CurseForge\Instances\FSSMP (Client)\journeymap\data\mp\fluxsyumsmp~online_17d38f2b~cb2b~42fe~8d95~e2493b609988\minecraft:overworld
[10:48:51] [Render thread/INFO] [MappingMonitorTask] World ID has been reset.
[10:48:51] [Render thread/INFO] [JourneymapClient] World UID is set to: null
